<?xml version="1.0" encoding="UTF-8"?>
<testsuite name="com.lab409.crowdingsourcing.CrowdingSourcingApplicationTests" tests="2" skipped="0" failures="0" errors="0" timestamp="2018-06-02T04:48:59" hostname="Yansongs-laptop.local" time="0.247">
  <properties/>
  <testcase name="testjpa" classname="com.lab409.crowdingsourcing.CrowdingSourcingApplicationTests" time="0.232"/>
  <testcase name="contextLoads" classname="com.lab409.crowdingsourcing.CrowdingSourcingApplicationTests" time="0.014"/>
  <system-out><![CDATA[2018-06-02 12:48:59.203  INFO 48998 --- [    Test worker] .b.t.c.SpringBootTestContextBootstrapper : Neither @ContextConfiguration nor @ContextHierarchy found for test class [com.lab409.crowdingsourcing.CrowdingSourcingApplicationTests], using SpringBootContextLoader
2018-06-02 12:48:59.204  INFO 48998 --- [    Test worker] o.s.t.c.support.AbstractContextLoader    : Could not detect default resource locations for test class [com.lab409.crowdingsourcing.CrowdingSourcingApplicationTests]: no resource found for suffixes {-context.xml, Context.groovy}.
2018-06-02 12:48:59.205  INFO 48998 --- [    Test worker] t.c.s.AnnotationConfigContextLoaderUtils : Could not detect default configuration classes for test class [com.lab409.crowdingsourcing.CrowdingSourcingApplicationTests]: CrowdingSourcingApplicationTests does not declare any static, non-private, non-final, nested classes annotated with @Configuration.
2018-06-02 12:48:59.216  INFO 48998 --- [    Test worker] .b.t.c.SpringBootTestContextBootstrapper : Found @SpringBootConfiguration com.lab409.crowdingsourcing.CrowdingSourcingApplication for test class com.lab409.crowdingsourcing.CrowdingSourcingApplicationTests
2018-06-02 12:48:59.220  INFO 48998 --- [    Test worker] .b.t.c.SpringBootTestContextBootstrapper : Loaded default TestExecutionListener class names from location [META-INF/spring.factories]: [org.springframework.boot.test.autoconfigure.restdocs.RestDocsTestExecutionListener, org.springframework.boot.test.autoconfigure.web.client.MockRestServiceServerResetTestExecutionListener, org.springframework.boot.test.autoconfigure.web.servlet.MockMvcPrintOnlyOnFailureTestExecutionListener, org.springframework.boot.test.autoconfigure.web.servlet.WebDriverTestExecutionListener, org.springframework.boot.test.mock.mockito.MockitoTestExecutionListener, org.springframework.boot.test.mock.mockito.ResetMocksTestExecutionListener, org.springframework.test.context.web.ServletTestExecutionListener, org.springframework.test.context.support.DirtiesContextBeforeModesTestExecutionListener, org.springframework.test.context.support.DependencyInjectionTestExecutionListener, org.springframework.test.context.support.DirtiesContextTestExecutionListener, org.springframework.test.context.transaction.TransactionalTestExecutionListener, org.springframework.test.context.jdbc.SqlScriptsTestExecutionListener]
2018-06-02 12:48:59.246  INFO 48998 --- [    Test worker] .b.t.c.SpringBootTestContextBootstrapper : Using TestExecutionListeners: [org.springframework.test.context.web.ServletTestExecutionListener@7701186e, org.springframework.test.context.support.DirtiesContextBeforeModesTestExecutionListener@7e93a0d1, org.springframework.boot.test.autoconfigure.SpringBootDependencyInjectionTestExecutionListener@5f9174e8, org.springframework.test.context.support.DirtiesContextTestExecutionListener@207d94ca, org.springframework.test.context.transaction.TransactionalTestExecutionListener@5fc02ac3, org.springframework.test.context.jdbc.SqlScriptsTestExecutionListener@3c368cc2, org.springframework.boot.test.autoconfigure.web.client.MockRestServiceServerResetTestExecutionListener@68549998, org.springframework.boot.test.autoconfigure.restdocs.RestDocsTestExecutionListener@24c39b9c, org.springframework.boot.test.mock.mockito.ResetMocksTestExecutionListener@7a8b2bf5, org.springframework.boot.test.autoconfigure.web.servlet.WebDriverTestExecutionListener@72d3e8fa, org.springframework.boot.test.autoconfigure.web.servlet.MockMvcPrintOnlyOnFailureTestExecutionListener@3e072761, org.springframework.boot.test.mock.mockito.MockitoTestExecutionListener@6a04446]
]]></system-out>
  <system-err><![CDATA[]]></system-err>
</testsuite>
