<?xml version="1.0" encoding="UTF-8"?>
<testsuite name="com.lab409.crowdingsourcing.ProjectServiceTest" tests="1" skipped="0" failures="1" errors="0" timestamp="2018-06-02T04:48:59" hostname="Yansongs-laptop.local" time="0.236">
  <properties/>
  <testcase name="projectServiceTestSuccess" classname="com.lab409.crowdingsourcing.ProjectServiceTest" time="0.236">
    <failure message="java.lang.AssertionError: expected: java.util.ArrayList&lt;[Project{project_id=1, cost=0.0, deliveryCycle=5, warrantyCycle=10, createDate=null, address='上海', description='开发一个弹一弹游戏', file=null, projectType='微信平台开发', username='123', projectName='微信小游戏开发', enrollStopTime=null, updateDate=null}, Project{project_id=2, cost=0.0, deliveryCycle=5, warrantyCycle=10, createDate=null, address='上海', description='开发一个弹一弹游戏', file=null, projectType='微信平台开发', username='123', projectName='微信小游戏开发', enrollStopTime=null, updateDate=null}, Project{project_id=3, cost=0.0, deliveryCycle=5, warrantyCycle=10, createDate=null, address='上海', description='开发一个弹一弹游戏', file=null, projectType='微信平台开发', username='123', projectName='微信小游戏开发', enrollStopTime=null, updateDate=null}, Project{project_id=4, cost=0.0, deliveryCycle=5, warrantyCycle=10, createDate=null, address='上海', description='开发一个弹一弹游戏', file=null, projectType='微信平台开发', username='123', projectName='微信小游戏开发', enrollStopTime=null, updateDate=null}, Project{project_id=5, cost=0.0, deliveryCycle=5, warrantyCycle=10, createDate=null, address='上海', description='开发一个弹一弹游戏', file=null, projectType='微信平台开发', username='123', projectName='微信小游戏开发', enrollStopTime=null, updateDate=null}, Project{project_id=6, cost=0.0, deliveryCycle=5, warrantyCycle=10, createDate=null, address='上海', description='开发一个弹一弹游戏', file=null, projectType='微信平台开发', username='123', projectName='微信小游戏开发', enrollStopTime=null, updateDate=null}, Project{project_id=7, cost=0.0, deliveryCycle=5, warrantyCycle=10, createDate=null, address='上海', description='test', file=null, projectType='Web 网站', username='test', projectName='test', enrollStopTime=null, updateDate=null}, Project{project_id=8, cost=0.0, deliveryCycle=5, warrantyCycle=10, createDate=null, address='上海', description='test', file=null, projectType='Web 网站', username='test', projectName='test', enrollStopTime=null, updateDate=null}, Project{project_id=9, cost=0.0, deliveryCycle=5, warrantyCycle=10, createDate=null, address='上海', description='test', file=null, projectType='Web 网站', username='test', projectName='test', enrollStopTime=null, updateDate=null}, Project{project_id=10, cost=0.0, deliveryCycle=5, warrantyCycle=10, createDate=null, address='上海', description='test', file=null, projectType='微信平台开发', username='test', projectName='test', enrollStopTime=null, updateDate=null}, Project{project_id=11, cost=0.0, deliveryCycle=5, warrantyCycle=10, createDate=null, address='上海', description='test', file=null, projectType='Web 网站', username='test', projectName='test', enrollStopTime=null, updateDate=null}, Project{project_id=12, cost=0.0, deliveryCycle=5, warrantyCycle=10, createDate=null, address='上海', description='test', file=null, projectType='Web 网站', username='test', projectName='test', enrollStopTime=null, updateDate=null}, Project{project_id=13, cost=0.0, deliveryCycle=5, warrantyCycle=10, createDate=null, address='上海', description='test', file=null, projectType='Web 网站', username='test', projectName='test', enrollStopTime=null, updateDate=null}, Project{project_id=14, cost=0.0, deliveryCycle=5, warrantyCycle=10, createDate=null, address='上海', description='test', file=null, projectType='微信平台开发', username='test', projectName='test', enrollStopTime=null, updateDate=null}, Project{project_id=15, cost=0.0, deliveryCycle=5, warrantyCycle=10, createDate=null, address='上海', description='test', file=null, projectType='Web 网站', username='test', projectName='test', enrollStopTime=null, updateDate=null}, Project{project_id=16, cost=0.0, deliveryCycle=5, warrantyCycle=10, createDate=null, address='上海', description='test', file=null, projectType='Web 网站', username='test', projectName='test', enrollStopTime=null, updateDate=null}, Project{project_id=17, cost=0.0, deliveryCycle=5, warrantyCycle=10, createDate=null, address='上海', description='test', file=null, projectType='Web 网站', username='test', projectName='test', enrollStopTime=null, updateDate=null}, Project{project_id=18, cost=0.0, deliveryCycle=5, warrantyCycle=10, createDate=null, address='上海', description='test', file=null, projectType='Web 网站', username='test', projectName='test', enrollStopTime=null, updateDate=null}, Project{project_id=19, cost=1.2, deliveryCycle=30003, warrantyCycle=3003231, createDate=null, address='idon'tknow', description='OK', file=null, projectType='xxxx', username='cpx', projectName='p1', enrollStopTime=null, updateDate=null}, Project{project_id=20, cost=1.2, deliveryCycle=30003, warrantyCycle=3003231, createDate=null, address='idon'tknow', description='OK', file=null, projectType='xxxx', username='cpx', projectName='p1', enrollStopTime=null, updateDate=null}, Project{project_id=21, cost=1.2, deliveryCycle=30003, warrantyCycle=3003231, createDate=null, address='idon'tknow', description='OK', file=null, projectType='xxxx', username='cpx', projectName='p1', enrollStopTime=null, updateDate=null}, Project{project_id=22, cost=1.2, deliveryCycle=30003, warrantyCycle=3003231, createDate=null, address='idon'tknow', description='OK', file=null, projectType='xxxx', username='cpx', projectName='p1', enrollStopTime=null, updateDate=null}, Project{project_id=23, cost=1.2, deliveryCycle=30003, warrantyCycle=3003231, createDate=null, address='idon'tknow', description='OK', file=null, projectType='xxxx', username='cpx', projectName='p1', enrollStopTime=null, updateDate=null}, Project{project_id=24, cost=1.2, deliveryCycle=30003, warrantyCycle=3003231, createDate=null, address='idon'tknow', description='OK', file=null, projectType='xxxx', username='cpx', projectName='p1', enrollStopTime=null, updateDate=null}, Project{project_id=25, cost=0.0, deliveryCycle=5, warrantyCycle=10, createDate=null, address='上海', description='test', file=null, projectType='Web 网站', username='test', projectName='test', enrollStopTime=null, updateDate=null}, Project{project_id=26, cost=0.0, deliveryCycle=5, warrantyCycle=10, createDate=null, address='上海', description='test', file=null, projectType='Web 网站', username='test', projectName='test', enrollStopTime=null, updateDate=null}, Project{project_id=27, cost=0.0, deliveryCycle=5, warrantyCycle=10, createDate=null, address='上海', description='test', file=null, projectType='Web 网站', username='test', projectName='test', enrollStopTime=null, updateDate=null}, Project{project_id=28, cost=1.2, deliveryCycle=30003, warrantyCycle=3003231, createDate=null, address='idon'tknow', description='OK', file=null, projectType='xxxx', username='cpx', projectName='p1', enrollStopTime=null, updateDate=null}, Project{project_id=29, cost=1.2, deliveryCycle=30003, warrantyCycle=3003231, createDate=null, address='idon'tknow', description='OK', file=null, projectType='xxxx', username='cpx', projectName='p1', enrollStopTime=null, updateDate=null}, Project{project_id=30, cost=1.2, deliveryCycle=30003, warrantyCycle=3003231, createDate=null, address='idon'tknow', description='OK', file=null, projectType='xxxx', username='cpx', projectName='p1', enrollStopTime=null, updateDate=null}, Project{project_id=31, cost=1.2, deliveryCycle=30003, warrantyCycle=3003231, createDate=null, address='idon'tknow', description='OK', file=null, projectType='xxxx', username='cpx', projectName='p1', enrollStopTime=null, updateDate=null}, Project{project_id=32, cost=1.2, deliveryCycle=30003, warrantyCycle=3003231, createDate=null, address='idon'tknow', description='OK', file=null, projectType='xxxx', username='cpx', projectName='p1', enrollStopTime=null, updateDate=null}, Project{project_id=33, cost=0.0, deliveryCycle=5, warrantyCycle=10, createDate=null, address='上海', description='s', file=null, projectType='Web 网站', username='test', projectName='onemore', enrollStopTime=null, updateDate=null}, Project{project_id=34, cost=1.2, deliveryCycle=30003, warrantyCycle=3003231, createDate=null, address='idon'tknow', description='OK', file=null, projectType='xxxx', username='cpx', projectName='p1', enrollStopTime=null, updateDate=null}, Project{project_id=35, cost=1.2, deliveryCycle=30003, warrantyCycle=3003231, createDate=null, address='idon'tknow', description='OK', file=null, projectType='xxxx', username='cpx', projectName='p1', enrollStopTime=null, updateDate=null}, Project{project_id=36, cost=1.2, deliveryCycle=30003, warrantyCycle=3003231, createDate=null, address='idon'tknow', description='OK', file=null, projectType='xxxx', username='cpx', projectName='p1', enrollStopTime=null, updateDate=null}]&gt; but was: java.util.ArrayList&lt;[Project{project_id=1, cost=0.0, deliveryCycle=5, warrantyCycle=10, createDate=null, address='上海', description='开发一个弹一弹游戏', file=null, projectType='微信平台开发', username='123', projectName='微信小游戏开发', enrollStopTime=null, updateDate=null}, Project{project_id=2, cost=0.0, deliveryCycle=5, warrantyCycle=10, createDate=null, address='上海', description='开发一个弹一弹游戏', file=null, projectType='微信平台开发', username='123', projectName='微信小游戏开发', enrollStopTime=null, updateDate=null}, Project{project_id=3, cost=0.0, deliveryCycle=5, warrantyCycle=10, createDate=null, address='上海', description='开发一个弹一弹游戏', file=null, projectType='微信平台开发', username='123', projectName='微信小游戏开发', enrollStopTime=null, updateDate=null}, Project{project_id=4, cost=0.0, deliveryCycle=5, warrantyCycle=10, createDate=null, address='上海', description='开发一个弹一弹游戏', file=null, projectType='微信平台开发', username='123', projectName='微信小游戏开发', enrollStopTime=null, updateDate=null}, Project{project_id=5, cost=0.0, deliveryCycle=5, warrantyCycle=10, createDate=null, address='上海', description='开发一个弹一弹游戏', file=null, projectType='微信平台开发', username='123', projectName='微信小游戏开发', enrollStopTime=null, updateDate=null}, Project{project_id=6, cost=0.0, deliveryCycle=5, warrantyCycle=10, createDate=null, address='上海', description='开发一个弹一弹游戏', file=null, projectType='微信平台开发', username='123', projectName='微信小游戏开发', enrollStopTime=null, updateDate=null}, Project{project_id=7, cost=0.0, deliveryCycle=5, warrantyCycle=10, createDate=null, address='上海', description='test', file=null, projectType='Web 网站', username='test', projectName='test', enrollStopTime=null, updateDate=null}, Project{project_id=8, cost=0.0, deliveryCycle=5, warrantyCycle=10, createDate=null, address='上海', description='test', file=null, projectType='Web 网站', username='test', projectName='test', enrollStopTime=null, updateDate=null}, Project{project_id=9, cost=0.0, deliveryCycle=5, warrantyCycle=10, createDate=null, address='上海', description='test', file=null, projectType='Web 网站', username='test', projectName='test', enrollStopTime=null, updateDate=null}, Project{project_id=10, cost=0.0, deliveryCycle=5, warrantyCycle=10, createDate=null, address='上海', description='test', file=null, projectType='微信平台开发', username='test', projectName='test', enrollStopTime=null, updateDate=null}, Project{project_id=11, cost=0.0, deliveryCycle=5, warrantyCycle=10, createDate=null, address='上海', description='test', file=null, projectType='Web 网站', username='test', projectName='test', enrollStopTime=null, updateDate=null}, Project{project_id=12, cost=0.0, deliveryCycle=5, warrantyCycle=10, createDate=null, address='上海', description='test', file=null, projectType='Web 网站', username='test', projectName='test', enrollStopTime=null, updateDate=null}, Project{project_id=13, cost=0.0, deliveryCycle=5, warrantyCycle=10, createDate=null, address='上海', description='test', file=null, projectType='Web 网站', username='test', projectName='test', enrollStopTime=null, updateDate=null}, Project{project_id=14, cost=0.0, deliveryCycle=5, warrantyCycle=10, createDate=null, address='上海', description='test', file=null, projectType='微信平台开发', username='test', projectName='test', enrollStopTime=null, updateDate=null}, Project{project_id=15, cost=0.0, deliveryCycle=5, warrantyCycle=10, createDate=null, address='上海', description='test', file=null, projectType='Web 网站', username='test', projectName='test', enrollStopTime=null, updateDate=null}, Project{project_id=16, cost=0.0, deliveryCycle=5, warrantyCycle=10, createDate=null, address='上海', description='test', file=null, projectType='Web 网站', username='test', projectName='test', enrollStopTime=null, updateDate=null}, Project{project_id=17, cost=0.0, deliveryCycle=5, warrantyCycle=10, createDate=null, address='上海', description='test', file=null, projectType='Web 网站', username='test', projectName='test', enrollStopTime=null, updateDate=null}, Project{project_id=18, cost=0.0, deliveryCycle=5, warrantyCycle=10, createDate=null, address='上海', description='test', file=null, projectType='Web 网站', username='test', projectName='test', enrollStopTime=null, updateDate=null}, Project{project_id=19, cost=1.2, deliveryCycle=30003, warrantyCycle=3003231, createDate=null, address='idon'tknow', description='OK', file=null, projectType='xxxx', username='cpx', projectName='p1', enrollStopTime=null, updateDate=null}, Project{project_id=20, cost=1.2, deliveryCycle=30003, warrantyCycle=3003231, createDate=null, address='idon'tknow', description='OK', file=null, projectType='xxxx', username='cpx', projectName='p1', enrollStopTime=null, updateDate=null}, Project{project_id=21, cost=1.2, deliveryCycle=30003, warrantyCycle=3003231, createDate=null, address='idon'tknow', description='OK', file=null, projectType='xxxx', username='cpx', projectName='p1', enrollStopTime=null, updateDate=null}, Project{project_id=22, cost=1.2, deliveryCycle=30003, warrantyCycle=3003231, createDate=null, address='idon'tknow', description='OK', file=null, projectType='xxxx', username='cpx', projectName='p1', enrollStopTime=null, updateDate=null}, Project{project_id=23, cost=1.2, deliveryCycle=30003, warrantyCycle=3003231, createDate=null, address='idon'tknow', description='OK', file=null, projectType='xxxx', username='cpx', projectName='p1', enrollStopTime=null, updateDate=null}, Project{project_id=24, cost=1.2, deliveryCycle=30003, warrantyCycle=3003231, createDate=null, address='idon'tknow', description='OK', file=null, projectType='xxxx', username='cpx', projectName='p1', enrollStopTime=null, updateDate=null}, Project{project_id=25, cost=0.0, deliveryCycle=5, warrantyCycle=10, createDate=null, address='上海', description='test', file=null, projectType='Web 网站', username='test', projectName='test', enrollStopTime=null, updateDate=null}, Project{project_id=26, cost=0.0, deliveryCycle=5, warrantyCycle=10, createDate=null, address='上海', description='test', file=null, projectType='Web 网站', username='test', projectName='test', enrollStopTime=null, updateDate=null}, Project{project_id=27, cost=0.0, deliveryCycle=5, warrantyCycle=10, createDate=null, address='上海', description='test', file=null, projectType='Web 网站', username='test', projectName='test', enrollStopTime=null, updateDate=null}, Project{project_id=28, cost=1.2, deliveryCycle=30003, warrantyCycle=3003231, createDate=null, address='idon'tknow', description='OK', file=null, projectType='xxxx', username='cpx', projectName='p1', enrollStopTime=null, updateDate=null}, Project{project_id=29, cost=1.2, deliveryCycle=30003, warrantyCycle=3003231, createDate=null, address='idon'tknow', description='OK', file=null, projectType='xxxx', username='cpx', projectName='p1', enrollStopTime=null, updateDate=null}, Project{project_id=30, cost=1.2, deliveryCycle=30003, warrantyCycle=3003231, createDate=null, address='idon'tknow', description='OK', file=null, projectType='xxxx', username='cpx', projectName='p1', enrollStopTime=null, updateDate=null}, Project{project_id=31, cost=1.2, deliveryCycle=30003, warrantyCycle=3003231, createDate=null, address='idon'tknow', description='OK', file=null, projectType='xxxx', username='cpx', projectName='p1', enrollStopTime=null, updateDate=null}, Project{project_id=32, cost=1.2, deliveryCycle=30003, warrantyCycle=3003231, createDate=null, address='idon'tknow', description='OK', file=null, projectType='xxxx', username='cpx', projectName='p1', enrollStopTime=null, updateDate=null}, Project{project_id=33, cost=0.0, deliveryCycle=5, warrantyCycle=10, createDate=null, address='上海', description='s', file=null, projectType='Web 网站', username='test', projectName='onemore', enrollStopTime=null, updateDate=null}, Project{project_id=34, cost=1.2, deliveryCycle=30003, warrantyCycle=3003231, createDate=null, address='idon'tknow', description='OK', file=null, projectType='xxxx', username='cpx', projectName='p1', enrollStopTime=null, updateDate=null}, Project{project_id=35, cost=1.2, deliveryCycle=30003, warrantyCycle=3003231, createDate=null, address='idon'tknow', description='OK', file=null, projectType='xxxx', username='cpx', projectName='p1', enrollStopTime=null, updateDate=null}, Project{project_id=36, cost=1.2, deliveryCycle=30003, warrantyCycle=3003231, createDate=null, address='idon'tknow', description='OK', file=null, projectType='xxxx', username='cpx', projectName='p1', enrollStopTime=null, updateDate=null}]&gt;" type="java.lang.AssertionError">java.lang.AssertionError: expected: java.util.ArrayList&lt;[Project{project_id=1, cost=0.0, deliveryCycle=5, warrantyCycle=10, createDate=null, address='上海', description='开发一个弹一弹游戏', file=null, projectType='微信平台开发', username='123', projectName='微信小游戏开发', enrollStopTime=null, updateDate=null}, Project{project_id=2, cost=0.0, deliveryCycle=5, warrantyCycle=10, createDate=null, address='上海', description='开发一个弹一弹游戏', file=null, projectType='微信平台开发', username='123', projectName='微信小游戏开发', enrollStopTime=null, updateDate=null}, Project{project_id=3, cost=0.0, deliveryCycle=5, warrantyCycle=10, createDate=null, address='上海', description='开发一个弹一弹游戏', file=null, projectType='微信平台开发', username='123', projectName='微信小游戏开发', enrollStopTime=null, updateDate=null}, Project{project_id=4, cost=0.0, deliveryCycle=5, warrantyCycle=10, createDate=null, address='上海', description='开发一个弹一弹游戏', file=null, projectType='微信平台开发', username='123', projectName='微信小游戏开发', enrollStopTime=null, updateDate=null}, Project{project_id=5, cost=0.0, deliveryCycle=5, warrantyCycle=10, createDate=null, address='上海', description='开发一个弹一弹游戏', file=null, projectType='微信平台开发', username='123', projectName='微信小游戏开发', enrollStopTime=null, updateDate=null}, Project{project_id=6, cost=0.0, deliveryCycle=5, warrantyCycle=10, createDate=null, address='上海', description='开发一个弹一弹游戏', file=null, projectType='微信平台开发', username='123', projectName='微信小游戏开发', enrollStopTime=null, updateDate=null}, Project{project_id=7, cost=0.0, deliveryCycle=5, warrantyCycle=10, createDate=null, address='上海', description='test', file=null, projectType='Web 网站', username='test', projectName='test', enrollStopTime=null, updateDate=null}, Project{project_id=8, cost=0.0, deliveryCycle=5, warrantyCycle=10, createDate=null, address='上海', description='test', file=null, projectType='Web 网站', username='test', projectName='test', enrollStopTime=null, updateDate=null}, Project{project_id=9, cost=0.0, deliveryCycle=5, warrantyCycle=10, createDate=null, address='上海', description='test', file=null, projectType='Web 网站', username='test', projectName='test', enrollStopTime=null, updateDate=null}, Project{project_id=10, cost=0.0, deliveryCycle=5, warrantyCycle=10, createDate=null, address='上海', description='test', file=null, projectType='微信平台开发', username='test', projectName='test', enrollStopTime=null, updateDate=null}, Project{project_id=11, cost=0.0, deliveryCycle=5, warrantyCycle=10, createDate=null, address='上海', description='test', file=null, projectType='Web 网站', username='test', projectName='test', enrollStopTime=null, updateDate=null}, Project{project_id=12, cost=0.0, deliveryCycle=5, warrantyCycle=10, createDate=null, address='上海', description='test', file=null, projectType='Web 网站', username='test', projectName='test', enrollStopTime=null, updateDate=null}, Project{project_id=13, cost=0.0, deliveryCycle=5, warrantyCycle=10, createDate=null, address='上海', description='test', file=null, projectType='Web 网站', username='test', projectName='test', enrollStopTime=null, updateDate=null}, Project{project_id=14, cost=0.0, deliveryCycle=5, warrantyCycle=10, createDate=null, address='上海', description='test', file=null, projectType='微信平台开发', username='test', projectName='test', enrollStopTime=null, updateDate=null}, Project{project_id=15, cost=0.0, deliveryCycle=5, warrantyCycle=10, createDate=null, address='上海', description='test', file=null, projectType='Web 网站', username='test', projectName='test', enrollStopTime=null, updateDate=null}, Project{project_id=16, cost=0.0, deliveryCycle=5, warrantyCycle=10, createDate=null, address='上海', description='test', file=null, projectType='Web 网站', username='test', projectName='test', enrollStopTime=null, updateDate=null}, Project{project_id=17, cost=0.0, deliveryCycle=5, warrantyCycle=10, createDate=null, address='上海', description='test', file=null, projectType='Web 网站', username='test', projectName='test', enrollStopTime=null, updateDate=null}, Project{project_id=18, cost=0.0, deliveryCycle=5, warrantyCycle=10, createDate=null, address='上海', description='test', file=null, projectType='Web 网站', username='test', projectName='test', enrollStopTime=null, updateDate=null}, Project{project_id=19, cost=1.2, deliveryCycle=30003, warrantyCycle=3003231, createDate=null, address='idon'tknow', description='OK', file=null, projectType='xxxx', username='cpx', projectName='p1', enrollStopTime=null, updateDate=null}, Project{project_id=20, cost=1.2, deliveryCycle=30003, warrantyCycle=3003231, createDate=null, address='idon'tknow', description='OK', file=null, projectType='xxxx', username='cpx', projectName='p1', enrollStopTime=null, updateDate=null}, Project{project_id=21, cost=1.2, deliveryCycle=30003, warrantyCycle=3003231, createDate=null, address='idon'tknow', description='OK', file=null, projectType='xxxx', username='cpx', projectName='p1', enrollStopTime=null, updateDate=null}, Project{project_id=22, cost=1.2, deliveryCycle=30003, warrantyCycle=3003231, createDate=null, address='idon'tknow', description='OK', file=null, projectType='xxxx', username='cpx', projectName='p1', enrollStopTime=null, updateDate=null}, Project{project_id=23, cost=1.2, deliveryCycle=30003, warrantyCycle=3003231, createDate=null, address='idon'tknow', description='OK', file=null, projectType='xxxx', username='cpx', projectName='p1', enrollStopTime=null, updateDate=null}, Project{project_id=24, cost=1.2, deliveryCycle=30003, warrantyCycle=3003231, createDate=null, address='idon'tknow', description='OK', file=null, projectType='xxxx', username='cpx', projectName='p1', enrollStopTime=null, updateDate=null}, Project{project_id=25, cost=0.0, deliveryCycle=5, warrantyCycle=10, createDate=null, address='上海', description='test', file=null, projectType='Web 网站', username='test', projectName='test', enrollStopTime=null, updateDate=null}, Project{project_id=26, cost=0.0, deliveryCycle=5, warrantyCycle=10, createDate=null, address='上海', description='test', file=null, projectType='Web 网站', username='test', projectName='test', enrollStopTime=null, updateDate=null}, Project{project_id=27, cost=0.0, deliveryCycle=5, warrantyCycle=10, createDate=null, address='上海', description='test', file=null, projectType='Web 网站', username='test', projectName='test', enrollStopTime=null, updateDate=null}, Project{project_id=28, cost=1.2, deliveryCycle=30003, warrantyCycle=3003231, createDate=null, address='idon'tknow', description='OK', file=null, projectType='xxxx', username='cpx', projectName='p1', enrollStopTime=null, updateDate=null}, Project{project_id=29, cost=1.2, deliveryCycle=30003, warrantyCycle=3003231, createDate=null, address='idon'tknow', description='OK', file=null, projectType='xxxx', username='cpx', projectName='p1', enrollStopTime=null, updateDate=null}, Project{project_id=30, cost=1.2, deliveryCycle=30003, warrantyCycle=3003231, createDate=null, address='idon'tknow', description='OK', file=null, projectType='xxxx', username='cpx', projectName='p1', enrollStopTime=null, updateDate=null}, Project{project_id=31, cost=1.2, deliveryCycle=30003, warrantyCycle=3003231, createDate=null, address='idon'tknow', description='OK', file=null, projectType='xxxx', username='cpx', projectName='p1', enrollStopTime=null, updateDate=null}, Project{project_id=32, cost=1.2, deliveryCycle=30003, warrantyCycle=3003231, createDate=null, address='idon'tknow', description='OK', file=null, projectType='xxxx', username='cpx', projectName='p1', enrollStopTime=null, updateDate=null}, Project{project_id=33, cost=0.0, deliveryCycle=5, warrantyCycle=10, createDate=null, address='上海', description='s', file=null, projectType='Web 网站', username='test', projectName='onemore', enrollStopTime=null, updateDate=null}, Project{project_id=34, cost=1.2, deliveryCycle=30003, warrantyCycle=3003231, createDate=null, address='idon'tknow', description='OK', file=null, projectType='xxxx', username='cpx', projectName='p1', enrollStopTime=null, updateDate=null}, Project{project_id=35, cost=1.2, deliveryCycle=30003, warrantyCycle=3003231, createDate=null, address='idon'tknow', description='OK', file=null, projectType='xxxx', username='cpx', projectName='p1', enrollStopTime=null, updateDate=null}, Project{project_id=36, cost=1.2, deliveryCycle=30003, warrantyCycle=3003231, createDate=null, address='idon'tknow', description='OK', file=null, projectType='xxxx', username='cpx', projectName='p1', enrollStopTime=null, updateDate=null}]&gt; but was: java.util.ArrayList&lt;[Project{project_id=1, cost=0.0, deliveryCycle=5, warrantyCycle=10, createDate=null, address='上海', description='开发一个弹一弹游戏', file=null, projectType='微信平台开发', username='123', projectName='微信小游戏开发', enrollStopTime=null, updateDate=null}, Project{project_id=2, cost=0.0, deliveryCycle=5, warrantyCycle=10, createDate=null, address='上海', description='开发一个弹一弹游戏', file=null, projectType='微信平台开发', username='123', projectName='微信小游戏开发', enrollStopTime=null, updateDate=null}, Project{project_id=3, cost=0.0, deliveryCycle=5, warrantyCycle=10, createDate=null, address='上海', description='开发一个弹一弹游戏', file=null, projectType='微信平台开发', username='123', projectName='微信小游戏开发', enrollStopTime=null, updateDate=null}, Project{project_id=4, cost=0.0, deliveryCycle=5, warrantyCycle=10, createDate=null, address='上海', description='开发一个弹一弹游戏', file=null, projectType='微信平台开发', username='123', projectName='微信小游戏开发', enrollStopTime=null, updateDate=null}, Project{project_id=5, cost=0.0, deliveryCycle=5, warrantyCycle=10, createDate=null, address='上海', description='开发一个弹一弹游戏', file=null, projectType='微信平台开发', username='123', projectName='微信小游戏开发', enrollStopTime=null, updateDate=null}, Project{project_id=6, cost=0.0, deliveryCycle=5, warrantyCycle=10, createDate=null, address='上海', description='开发一个弹一弹游戏', file=null, projectType='微信平台开发', username='123', projectName='微信小游戏开发', enrollStopTime=null, updateDate=null}, Project{project_id=7, cost=0.0, deliveryCycle=5, warrantyCycle=10, createDate=null, address='上海', description='test', file=null, projectType='Web 网站', username='test', projectName='test', enrollStopTime=null, updateDate=null}, Project{project_id=8, cost=0.0, deliveryCycle=5, warrantyCycle=10, createDate=null, address='上海', description='test', file=null, projectType='Web 网站', username='test', projectName='test', enrollStopTime=null, updateDate=null}, Project{project_id=9, cost=0.0, deliveryCycle=5, warrantyCycle=10, createDate=null, address='上海', description='test', file=null, projectType='Web 网站', username='test', projectName='test', enrollStopTime=null, updateDate=null}, Project{project_id=10, cost=0.0, deliveryCycle=5, warrantyCycle=10, createDate=null, address='上海', description='test', file=null, projectType='微信平台开发', username='test', projectName='test', enrollStopTime=null, updateDate=null}, Project{project_id=11, cost=0.0, deliveryCycle=5, warrantyCycle=10, createDate=null, address='上海', description='test', file=null, projectType='Web 网站', username='test', projectName='test', enrollStopTime=null, updateDate=null}, Project{project_id=12, cost=0.0, deliveryCycle=5, warrantyCycle=10, createDate=null, address='上海', description='test', file=null, projectType='Web 网站', username='test', projectName='test', enrollStopTime=null, updateDate=null}, Project{project_id=13, cost=0.0, deliveryCycle=5, warrantyCycle=10, createDate=null, address='上海', description='test', file=null, projectType='Web 网站', username='test', projectName='test', enrollStopTime=null, updateDate=null}, Project{project_id=14, cost=0.0, deliveryCycle=5, warrantyCycle=10, createDate=null, address='上海', description='test', file=null, projectType='微信平台开发', username='test', projectName='test', enrollStopTime=null, updateDate=null}, Project{project_id=15, cost=0.0, deliveryCycle=5, warrantyCycle=10, createDate=null, address='上海', description='test', file=null, projectType='Web 网站', username='test', projectName='test', enrollStopTime=null, updateDate=null}, Project{project_id=16, cost=0.0, deliveryCycle=5, warrantyCycle=10, createDate=null, address='上海', description='test', file=null, projectType='Web 网站', username='test', projectName='test', enrollStopTime=null, updateDate=null}, Project{project_id=17, cost=0.0, deliveryCycle=5, warrantyCycle=10, createDate=null, address='上海', description='test', file=null, projectType='Web 网站', username='test', projectName='test', enrollStopTime=null, updateDate=null}, Project{project_id=18, cost=0.0, deliveryCycle=5, warrantyCycle=10, createDate=null, address='上海', description='test', file=null, projectType='Web 网站', username='test', projectName='test', enrollStopTime=null, updateDate=null}, Project{project_id=19, cost=1.2, deliveryCycle=30003, warrantyCycle=3003231, createDate=null, address='idon'tknow', description='OK', file=null, projectType='xxxx', username='cpx', projectName='p1', enrollStopTime=null, updateDate=null}, Project{project_id=20, cost=1.2, deliveryCycle=30003, warrantyCycle=3003231, createDate=null, address='idon'tknow', description='OK', file=null, projectType='xxxx', username='cpx', projectName='p1', enrollStopTime=null, updateDate=null}, Project{project_id=21, cost=1.2, deliveryCycle=30003, warrantyCycle=3003231, createDate=null, address='idon'tknow', description='OK', file=null, projectType='xxxx', username='cpx', projectName='p1', enrollStopTime=null, updateDate=null}, Project{project_id=22, cost=1.2, deliveryCycle=30003, warrantyCycle=3003231, createDate=null, address='idon'tknow', description='OK', file=null, projectType='xxxx', username='cpx', projectName='p1', enrollStopTime=null, updateDate=null}, Project{project_id=23, cost=1.2, deliveryCycle=30003, warrantyCycle=3003231, createDate=null, address='idon'tknow', description='OK', file=null, projectType='xxxx', username='cpx', projectName='p1', enrollStopTime=null, updateDate=null}, Project{project_id=24, cost=1.2, deliveryCycle=30003, warrantyCycle=3003231, createDate=null, address='idon'tknow', description='OK', file=null, projectType='xxxx', username='cpx', projectName='p1', enrollStopTime=null, updateDate=null}, Project{project_id=25, cost=0.0, deliveryCycle=5, warrantyCycle=10, createDate=null, address='上海', description='test', file=null, projectType='Web 网站', username='test', projectName='test', enrollStopTime=null, updateDate=null}, Project{project_id=26, cost=0.0, deliveryCycle=5, warrantyCycle=10, createDate=null, address='上海', description='test', file=null, projectType='Web 网站', username='test', projectName='test', enrollStopTime=null, updateDate=null}, Project{project_id=27, cost=0.0, deliveryCycle=5, warrantyCycle=10, createDate=null, address='上海', description='test', file=null, projectType='Web 网站', username='test', projectName='test', enrollStopTime=null, updateDate=null}, Project{project_id=28, cost=1.2, deliveryCycle=30003, warrantyCycle=3003231, createDate=null, address='idon'tknow', description='OK', file=null, projectType='xxxx', username='cpx', projectName='p1', enrollStopTime=null, updateDate=null}, Project{project_id=29, cost=1.2, deliveryCycle=30003, warrantyCycle=3003231, createDate=null, address='idon'tknow', description='OK', file=null, projectType='xxxx', username='cpx', projectName='p1', enrollStopTime=null, updateDate=null}, Project{project_id=30, cost=1.2, deliveryCycle=30003, warrantyCycle=3003231, createDate=null, address='idon'tknow', description='OK', file=null, projectType='xxxx', username='cpx', projectName='p1', enrollStopTime=null, updateDate=null}, Project{project_id=31, cost=1.2, deliveryCycle=30003, warrantyCycle=3003231, createDate=null, address='idon'tknow', description='OK', file=null, projectType='xxxx', username='cpx', projectName='p1', enrollStopTime=null, updateDate=null}, Project{project_id=32, cost=1.2, deliveryCycle=30003, warrantyCycle=3003231, createDate=null, address='idon'tknow', description='OK', file=null, projectType='xxxx', username='cpx', projectName='p1', enrollStopTime=null, updateDate=null}, Project{project_id=33, cost=0.0, deliveryCycle=5, warrantyCycle=10, createDate=null, address='上海', description='s', file=null, projectType='Web 网站', username='test', projectName='onemore', enrollStopTime=null, updateDate=null}, Project{project_id=34, cost=1.2, deliveryCycle=30003, warrantyCycle=3003231, createDate=null, address='idon'tknow', description='OK', file=null, projectType='xxxx', username='cpx', projectName='p1', enrollStopTime=null, updateDate=null}, Project{project_id=35, cost=1.2, deliveryCycle=30003, warrantyCycle=3003231, createDate=null, address='idon'tknow', description='OK', file=null, projectType='xxxx', username='cpx', projectName='p1', enrollStopTime=null, updateDate=null}, Project{project_id=36, cost=1.2, deliveryCycle=30003, warrantyCycle=3003231, createDate=null, address='idon'tknow', description='OK', file=null, projectType='xxxx', username='cpx', projectName='p1', enrollStopTime=null, updateDate=null}]&gt;
	at org.junit.Assert.fail(Assert.java:88)
	at org.junit.Assert.failNotEquals(Assert.java:834)
	at org.junit.Assert.assertEquals(Assert.java:118)
	at org.junit.Assert.assertEquals(Assert.java:144)
	at com.lab409.crowdingsourcing.ProjectServiceTest.projectServiceTestSuccess(ProjectServiceTest.java:43)
	at sun.reflect.NativeMethodAccessorImpl.invoke0(Native Method)
	at sun.reflect.NativeMethodAccessorImpl.invoke(NativeMethodAccessorImpl.java:62)
	at sun.reflect.DelegatingMethodAccessorImpl.invoke(DelegatingMethodAccessorImpl.java:43)
	at java.lang.reflect.Method.invoke(Method.java:498)
	at org.junit.runners.model.FrameworkMethod$1.runReflectiveCall(FrameworkMethod.java:50)
	at org.junit.internal.runners.model.ReflectiveCallable.run(ReflectiveCallable.java:12)
	at org.junit.runners.model.FrameworkMethod.invokeExplosively(FrameworkMethod.java:47)
	at org.junit.internal.runners.statements.InvokeMethod.evaluate(InvokeMethod.java:17)
	at org.springframework.test.context.junit4.statements.RunBeforeTestMethodCallbacks.evaluate(RunBeforeTestMethodCallbacks.java:75)
	at org.springframework.test.context.junit4.statements.RunAfterTestMethodCallbacks.evaluate(RunAfterTestMethodCallbacks.java:86)
	at org.springframework.test.context.junit4.statements.SpringRepeat.evaluate(SpringRepeat.java:84)
	at org.junit.runners.ParentRunner.runLeaf(ParentRunner.java:325)
	at org.springframework.test.context.junit4.SpringJUnit4ClassRunner.runChild(SpringJUnit4ClassRunner.java:252)
	at org.springframework.test.context.junit4.SpringJUnit4ClassRunner.runChild(SpringJUnit4ClassRunner.java:94)
	at org.junit.runners.ParentRunner$3.run(ParentRunner.java:290)
	at org.junit.runners.ParentRunner$1.schedule(ParentRunner.java:71)
	at org.junit.runners.ParentRunner.runChildren(ParentRunner.java:288)
	at org.junit.runners.ParentRunner.access$000(ParentRunner.java:58)
	at org.junit.runners.ParentRunner$2.evaluate(ParentRunner.java:268)
	at org.springframework.test.context.junit4.statements.RunBeforeTestClassCallbacks.evaluate(RunBeforeTestClassCallbacks.java:61)
	at org.springframework.test.context.junit4.statements.RunAfterTestClassCallbacks.evaluate(RunAfterTestClassCallbacks.java:70)
	at org.junit.runners.ParentRunner.run(ParentRunner.java:363)
	at org.springframework.test.context.junit4.SpringJUnit4ClassRunner.run(SpringJUnit4ClassRunner.java:191)
	at org.gradle.api.internal.tasks.testing.junit.JUnitTestClassExecutor.runTestClass(JUnitTestClassExecutor.java:116)
	at org.gradle.api.internal.tasks.testing.junit.JUnitTestClassExecutor.execute(JUnitTestClassExecutor.java:59)
	at org.gradle.api.internal.tasks.testing.junit.JUnitTestClassExecutor.execute(JUnitTestClassExecutor.java:39)
	at org.gradle.api.internal.tasks.testing.junit.AbstractJUnitTestClassProcessor.processTestClass(AbstractJUnitTestClassProcessor.java:66)
	at org.gradle.api.internal.tasks.testing.SuiteTestClassProcessor.processTestClass(SuiteTestClassProcessor.java:51)
	at sun.reflect.NativeMethodAccessorImpl.invoke0(Native Method)
	at sun.reflect.NativeMethodAccessorImpl.invoke(NativeMethodAccessorImpl.java:62)
	at sun.reflect.DelegatingMethodAccessorImpl.invoke(DelegatingMethodAccessorImpl.java:43)
	at java.lang.reflect.Method.invoke(Method.java:498)
	at org.gradle.internal.dispatch.ReflectionDispatch.dispatch(ReflectionDispatch.java:35)
	at org.gradle.internal.dispatch.ReflectionDispatch.dispatch(ReflectionDispatch.java:24)
	at org.gradle.internal.dispatch.ContextClassLoaderDispatch.dispatch(ContextClassLoaderDispatch.java:32)
	at org.gradle.internal.dispatch.ProxyDispatchAdapter$DispatchingInvocationHandler.invoke(ProxyDispatchAdapter.java:93)
	at com.sun.proxy.$Proxy1.processTestClass(Unknown Source)
	at org.gradle.api.internal.tasks.testing.worker.TestWorker.processTestClass(TestWorker.java:109)
	at sun.reflect.NativeMethodAccessorImpl.invoke0(Native Method)
	at sun.reflect.NativeMethodAccessorImpl.invoke(NativeMethodAccessorImpl.java:62)
	at sun.reflect.DelegatingMethodAccessorImpl.invoke(DelegatingMethodAccessorImpl.java:43)
	at java.lang.reflect.Method.invoke(Method.java:498)
	at org.gradle.internal.dispatch.ReflectionDispatch.dispatch(ReflectionDispatch.java:35)
	at org.gradle.internal.dispatch.ReflectionDispatch.dispatch(ReflectionDispatch.java:24)
	at org.gradle.internal.remote.internal.hub.MessageHubBackedObjectConnection$DispatchWrapper.dispatch(MessageHubBackedObjectConnection.java:146)
	at org.gradle.internal.remote.internal.hub.MessageHubBackedObjectConnection$DispatchWrapper.dispatch(MessageHubBackedObjectConnection.java:128)
	at org.gradle.internal.remote.internal.hub.MessageHub$Handler.run(MessageHub.java:404)
	at org.gradle.internal.concurrent.ExecutorPolicy$CatchAndRecordFailures.onExecute(ExecutorPolicy.java:63)
	at org.gradle.internal.concurrent.ManagedExecutorImpl$1.run(ManagedExecutorImpl.java:46)
	at java.util.concurrent.ThreadPoolExecutor.runWorker(ThreadPoolExecutor.java:1142)
	at java.util.concurrent.ThreadPoolExecutor$Worker.run(ThreadPoolExecutor.java:617)
	at org.gradle.internal.concurrent.ThreadFactoryImpl$ManagedThreadRunnable.run(ThreadFactoryImpl.java:55)
	at java.lang.Thread.run(Thread.java:745)
</failure>
  </testcase>
  <system-out><![CDATA[2018-06-02 12:48:59.613  INFO 48998 --- [    Test worker] .b.t.c.SpringBootTestContextBootstrapper : Neither @ContextConfiguration nor @ContextHierarchy found for test class [com.lab409.crowdingsourcing.ProjectServiceTest], using SpringBootContextLoader
2018-06-02 12:48:59.614  INFO 48998 --- [    Test worker] o.s.t.c.support.AbstractContextLoader    : Could not detect default resource locations for test class [com.lab409.crowdingsourcing.ProjectServiceTest]: no resource found for suffixes {-context.xml, Context.groovy}.
2018-06-02 12:48:59.614  INFO 48998 --- [    Test worker] t.c.s.AnnotationConfigContextLoaderUtils : Could not detect default configuration classes for test class [com.lab409.crowdingsourcing.ProjectServiceTest]: ProjectServiceTest does not declare any static, non-private, non-final, nested classes annotated with @Configuration.
2018-06-02 12:48:59.617  INFO 48998 --- [    Test worker] .b.t.c.SpringBootTestContextBootstrapper : Found @SpringBootConfiguration com.lab409.crowdingsourcing.CrowdingSourcingApplication for test class com.lab409.crowdingsourcing.ProjectServiceTest
2018-06-02 12:48:59.620  INFO 48998 --- [    Test worker] .b.t.c.SpringBootTestContextBootstrapper : Loaded default TestExecutionListener class names from location [META-INF/spring.factories]: [org.springframework.boot.test.autoconfigure.restdocs.RestDocsTestExecutionListener, org.springframework.boot.test.autoconfigure.web.client.MockRestServiceServerResetTestExecutionListener, org.springframework.boot.test.autoconfigure.web.servlet.MockMvcPrintOnlyOnFailureTestExecutionListener, org.springframework.boot.test.autoconfigure.web.servlet.WebDriverTestExecutionListener, org.springframework.boot.test.mock.mockito.MockitoTestExecutionListener, org.springframework.boot.test.mock.mockito.ResetMocksTestExecutionListener, org.springframework.test.context.web.ServletTestExecutionListener, org.springframework.test.context.support.DirtiesContextBeforeModesTestExecutionListener, org.springframework.test.context.support.DependencyInjectionTestExecutionListener, org.springframework.test.context.support.DirtiesContextTestExecutionListener, org.springframework.test.context.transaction.TransactionalTestExecutionListener, org.springframework.test.context.jdbc.SqlScriptsTestExecutionListener]
2018-06-02 12:48:59.623  INFO 48998 --- [    Test worker] .b.t.c.SpringBootTestContextBootstrapper : Using TestExecutionListeners: [org.springframework.test.context.web.ServletTestExecutionListener@230b0c54, org.springframework.test.context.support.DirtiesContextBeforeModesTestExecutionListener@1fb577fb, org.springframework.boot.test.autoconfigure.SpringBootDependencyInjectionTestExecutionListener@7150f66a, org.springframework.test.context.support.DirtiesContextTestExecutionListener@68b5f1de, org.springframework.test.context.transaction.TransactionalTestExecutionListener@13a73930, org.springframework.test.context.jdbc.SqlScriptsTestExecutionListener@27199e10, org.springframework.boot.test.autoconfigure.web.client.MockRestServiceServerResetTestExecutionListener@518ccf3f, org.springframework.boot.test.autoconfigure.restdocs.RestDocsTestExecutionListener@1670efd1, org.springframework.boot.test.mock.mockito.ResetMocksTestExecutionListener@3c343a96, org.springframework.boot.test.autoconfigure.web.servlet.WebDriverTestExecutionListener@57b6ca1e, org.springframework.boot.test.autoconfigure.web.servlet.MockMvcPrintOnlyOnFailureTestExecutionListener@60f402e0, org.springframework.boot.test.mock.mockito.MockitoTestExecutionListener@716b7748]
]]></system-out>
  <system-err><![CDATA[]]></system-err>
</testsuite>
